b8:08:cf:37:16:04
58:00:e3:d8:a0:f3
ff:ff:ff:ff:ff:ff
1c:74:0d:d1:1d:73
84:16:f9:18:86:ea
98:da:c4:a6:a4:8d
48:8f:5a:a3:f5:ff
e2:c1:52:c6:8d:80
f0:d5:bf:24:de:de
d4:d2:52:6d:61:04
38:17:c3:d7:5a:d1
01:80:c2:00:00:00
01:00:0c:cc:cc:cc
01:80:c2:00:00:0e
38:17:c3:d7:4e:c0
38:17:c3:d7:4e:c1
38:17:c3:d7:4e:c3
38:17:c3:d7:5b:01
28:c6:3f:40:af:c4
9e:e2:e6:f2:c4:58
01:00:5e:00:00:fb
2e:0d:a5:46:ab:21
01:00:5e:7f:ff:fa
ee:4f:43:90:07:ed
d6:41:5a:b0:3c:88
d2:2f:b3:41:65:f0
74:4d:28:d7:64:0d
58:20:59:07:b8:19
38:17:c3:d7:5a:c0
cc:2f:71:76:2e:f6
1a:56:d1:53:85:49
